# JRE version: OpenJDK Runtime Environment Temurin-17.0.8.1+1 (17.0.8.1+1) (build 17.0.8.1+1)
# Java VM: OpenJDK 64-Bit Server VM Temurin-17.0.8.1+1 (17.0.8.1+1, mixed mode, tiered, compressed oops, compressed class ptrs, parallel gc, windows-amd64)
GC Precious Log:
 CPUs: 12 total, 12 available
 Memory: 22380M
 Large Page Support: Disabled
 NUMA Support: Disabled
 Compressed Oops: Enabled (32-bit)
 Alignments: Space 512K, Generation 512K, Heap 2M
 Heap Min Capacity: 100M
 Heap Initial Capacity: 100M
 Heap Max Capacity: 1G
 Pre-touch: Disabled
 Parallel Workers: 10
Heap:
 PSYoungGen      total 5632K, used 3961K [0x00000000eab00000, 0x00000000eb480000, 0x0000000100000000)
  eden space 4096K, 59% used [0x00000000eab00000,0x00000000ead634b8,0x00000000eaf00000)
  from space 1536K, 98% used [0x00000000eb100000,0x00000000eb27b100,0x00000000eb280000)
  to   space 2048K, 0% used [0x00000000eaf00000,0x00000000eaf00000,0x00000000eb100000)
 ParOldGen       total 491008K, used 476581K [0x00000000c0000000, 0x00000000ddf80000, 0x00000000eab00000)
  object space 491008K, 97% used [0x00000000c0000000,0x00000000dd169628,0x00000000ddf80000)
 Metaspace       used 95085K, committed 96704K, reserved 1179648K
  class space    used 10974K, committed 11712K, reserved 1048576K
GC Heap History (20 events):
Event: 73.965 GC heap before
{Heap before GC invocations=1287 (full 21):
 PSYoungGen      total 6144K, used 5724K [0x00000000eab00000, 0x00000000eb480000, 0x0000000100000000)
  eden space 4096K, 100% used [0x00000000eab00000,0x00000000eaf00000,0x00000000eaf00000)
  from space 2048K, 79% used [0x00000000eb280000,0x00000000eb4173f8,0x00000000eb480000)
  to   space 2560K, 0% used [0x00000000eaf80000,0x00000000eaf80000,0x00000000eb200000)
 ParOldGen       total 491008K, used 463167K [0x00000000c0000000, 0x00000000ddf80000, 0x00000000eab00000)
  object space 491008K, 94% used [0x00000000c0000000,0x00000000dc44fdc8,0x00000000ddf80000)
 Metaspace       used 95076K, committed 96704K, reserved 1179648K
  class space    used 10973K, committed 11712K, reserved 1048576K
}
Event: 73.967 GC heap after
{Heap after GC invocations=1287 (full 21):
 PSYoungGen      total 5632K, used 1456K [0x00000000eab00000, 0x00000000eb300000, 0x0000000100000000)
  eden space 4096K, 0% used [0x00000000eab00000,0x00000000eab00000,0x00000000eaf00000)
  from space 1536K, 94% used [0x00000000eaf80000,0x00000000eb0ec290,0x00000000eb100000)
  to   space 2048K, 0% used [0x00000000eb100000,0x00000000eb100000,0x00000000eb300000)
 ParOldGen       total 491008K, used 464629K [0x00000000c0000000, 0x00000000ddf80000, 0x00000000eab00000)
  object space 491008K, 94% used [0x00000000c0000000,0x00000000dc5bd450,0x00000000ddf80000)
 Metaspace       used 95076K, committed 96704K, reserved 1179648K
  class space    used 10973K, committed 11712K, reserved 1048576K
}
Event: 73.993 GC heap before
{Heap before GC invocations=1288 (full 21):
 PSYoungGen      total 5632K, used 5552K [0x00000000eab00000, 0x00000000eb300000, 0x0000000100000000)
  eden space 4096K, 100% used [0x00000000eab00000,0x00000000eaf00000,0x00000000eaf00000)
  from space 1536K, 94% used [0x00000000eaf80000,0x00000000eb0ec290,0x00000000eb100000)
  to   space 2048K, 0% used [0x00000000eb100000,0x00000000eb100000,0x00000000eb300000)
 ParOldGen       total 491008K, used 464629K [0x00000000c0000000, 0x00000000ddf80000, 0x00000000eab00000)
  object space 491008K, 94% used [0x00000000c0000000,0x00000000dc5bd450,0x00000000ddf80000)
 Metaspace       used 95076K, committed 96704K, reserved 1179648K
  class space    used 10973K, committed 11712K, reserved 1048576K
}
Event: 73.995 GC heap after
{Heap after GC invocations=1288 (full 21):
 PSYoungGen      total 5632K, used 1506K [0x00000000eab00000, 0x00000000eb280000, 0x0000000100000000)
  eden space 4096K, 0% used [0x00000000eab00000,0x00000000eab00000,0x00000000eaf00000)
  from space 1536K, 98% used [0x00000000eb100000,0x00000000eb278928,0x00000000eb280000)
  to   space 1536K, 0% used [0x00000000eaf80000,0x00000000eaf80000,0x00000000eb100000)
 ParOldGen       total 491008K, used 465992K [0x00000000c0000000, 0x00000000ddf80000, 0x00000000eab00000)
  object space 491008K, 94% used [0x00000000c0000000,0x00000000dc712000,0x00000000ddf80000)
 Metaspace       used 95076K, committed 96704K, reserved 1179648K
  class space    used 10973K, committed 11712K, reserved 1048576K
}
Event: 74.009 GC heap before
{Heap before GC invocations=1289 (full 21):
 PSYoungGen      total 5632K, used 5597K [0x00000000eab00000, 0x00000000eb280000, 0x0000000100000000)
  eden space 4096K, 99% used [0x00000000eab00000,0x00000000eaefeb70,0x00000000eaf00000)
  from space 1536K, 98% used [0x00000000eb100000,0x00000000eb278928,0x00000000eb280000)
  to   space 1536K, 0% used [0x00000000eaf80000,0x00000000eaf80000,0x00000000eb100000)
 ParOldGen       total 491008K, used 465992K [0x00000000c0000000, 0x00000000ddf80000, 0x00000000eab00000)
  object space 491008K, 94% used [0x00000000c0000000,0x00000000dc712000,0x00000000ddf80000)
 Metaspace       used 95076K, committed 96704K, reserved 1179648K
  class space    used 10973K, committed 11712K, reserved 1048576K
}
Event: 74.011 GC heap after
{Heap after GC invocations=1289 (full 21):
 PSYoungGen      total 5632K, used 1511K [0x00000000eab00000, 0x00000000eb200000, 0x0000000100000000)
  eden space 4096K, 0% used [0x00000000eab00000,0x00000000eab00000,0x00000000eaf00000)
  from space 1536K, 98% used [0x00000000eaf80000,0x00000000eb0f9e78,0x00000000eb100000)
  to   space 1024K, 0% used [0x00000000eb100000,0x00000000eb100000,0x00000000eb200000)
 ParOldGen       total 491008K, used 467695K [0x00000000c0000000, 0x00000000ddf80000, 0x00000000eab00000)
  object space 491008K, 95% used [0x00000000c0000000,0x00000000dc8bbeb0,0x00000000ddf80000)
 Metaspace       used 95076K, committed 96704K, reserved 1179648K
  class space    used 10973K, committed 11712K, reserved 1048576K
}
Event: 74.035 GC heap before
{Heap before GC invocations=1290 (full 21):
 PSYoungGen      total 5632K, used 5607K [0x00000000eab00000, 0x00000000eb200000, 0x0000000100000000)
  eden space 4096K, 100% used [0x00000000eab00000,0x00000000eaf00000,0x00000000eaf00000)
  from space 1536K, 98% used [0x00000000eaf80000,0x00000000eb0f9e78,0x00000000eb100000)
  to   space 1024K, 0% used [0x00000000eb100000,0x00000000eb100000,0x00000000eb200000)
 ParOldGen       total 491008K, used 467695K [0x00000000c0000000, 0x00000000ddf80000, 0x00000000eab00000)
  object space 491008K, 95% used [0x00000000c0000000,0x00000000dc8bbeb0,0x00000000ddf80000)
 Metaspace       used 95077K, committed 96704K, reserved 1179648K
  class space    used 10973K, committed 11712K, reserved 1048576K
}
Event: 74.036 GC heap after
{Heap after GC invocations=1290 (full 21):
 PSYoungGen      total 4096K, used 995K [0x00000000eab00000, 0x00000000eb500000, 0x0000000100000000)
  eden space 3072K, 0% used [0x00000000eab00000,0x00000000eab00000,0x00000000eae00000)
  from space 1024K, 97% used [0x00000000eb100000,0x00000000eb1f8fb0,0x00000000eb200000)
  to   space 3072K, 0% used [0x00000000eae00000,0x00000000eae00000,0x00000000eb100000)
 ParOldGen       total 491008K, used 469450K [0x00000000c0000000, 0x00000000ddf80000, 0x00000000eab00000)
  object space 491008K, 95% used [0x00000000c0000000,0x00000000dca729a8,0x00000000ddf80000)
 Metaspace       used 95077K, committed 96704K, reserved 1179648K
  class space    used 10973K, committed 11712K, reserved 1048576K
}
Event: 74.043 GC heap before
{Heap before GC invocations=1291 (full 21):
 PSYoungGen      total 4096K, used 4019K [0x00000000eab00000, 0x00000000eb500000, 0x0000000100000000)
  eden space 3072K, 98% used [0x00000000eab00000,0x00000000eadf4010,0x00000000eae00000)
  from space 1024K, 97% used [0x00000000eb100000,0x00000000eb1f8fb0,0x00000000eb200000)
  to   space 3072K, 0% used [0x00000000eae00000,0x00000000eae00000,0x00000000eb100000)
 ParOldGen       total 491008K, used 469450K [0x00000000c0000000, 0x00000000ddf80000, 0x00000000eab00000)
  object space 491008K, 95% used [0x00000000c0000000,0x00000000dca729a8,0x00000000ddf80000)
 Metaspace       used 95081K, committed 96704K, reserved 1179648K
  class space    used 10974K, committed 11712K, reserved 1048576K
}
Event: 74.045 GC heap after
{Heap after GC invocations=1291 (full 21):
 PSYoungGen      total 4608K, used 1340K [0x00000000eab00000, 0x00000000eb200000, 0x0000000100000000)
  eden space 3072K, 0% used [0x00000000eab00000,0x00000000eab00000,0x00000000eae00000)
  from space 1536K, 87% used [0x00000000eae00000,0x00000000eaf4f3a0,0x00000000eaf80000)
  to   space 2048K, 0% used [0x00000000eb000000,0x00000000eb000000,0x00000000eb200000)
 ParOldGen       total 491008K, used 470350K [0x00000000c0000000, 0x00000000ddf80000, 0x00000000eab00000)
  object space 491008K, 95% used [0x00000000c0000000,0x00000000dcb53860,0x00000000ddf80000)
 Metaspace       used 95081K, committed 96704K, reserved 1179648K
  class space    used 10974K, committed 11712K, reserved 1048576K
}
Event: 74.051 GC heap before
{Heap before GC invocations=1292 (full 21):
 PSYoungGen      total 4608K, used 4412K [0x00000000eab00000, 0x00000000eb200000, 0x0000000100000000)
  eden space 3072K, 100% used [0x00000000eab00000,0x00000000eae00000,0x00000000eae00000)
  from space 1536K, 87% used [0x00000000eae00000,0x00000000eaf4f3a0,0x00000000eaf80000)
  to   space 2048K, 0% used [0x00000000eb000000,0x00000000eb000000,0x00000000eb200000)
 ParOldGen       total 491008K, used 470350K [0x00000000c0000000, 0x00000000ddf80000, 0x00000000eab00000)
  object space 491008K, 95% used [0x00000000c0000000,0x00000000dcb53860,0x00000000ddf80000)
 Metaspace       used 95081K, committed 96704K, reserved 1179648K
  class space    used 10974K, committed 11712K, reserved 1048576K
}
Event: 74.054 GC heap after
{Heap after GC invocations=1292 (full 21):
 PSYoungGen      total 5632K, used 1441K [0x00000000eab00000, 0x00000000eb200000, 0x0000000100000000)
  eden space 3584K, 0% used [0x00000000eab00000,0x00000000eab00000,0x00000000eae80000)
  from space 2048K, 70% used [0x00000000eb000000,0x00000000eb168690,0x00000000eb200000)
  to   space 1536K, 0% used [0x00000000eae80000,0x00000000eae80000,0x00000000eb000000)
 ParOldGen       total 491008K, used 471504K [0x00000000c0000000, 0x00000000ddf80000, 0x00000000eab00000)
  object space 491008K, 96% used [0x00000000c0000000,0x00000000dcc74298,0x00000000ddf80000)
 Metaspace       used 95081K, committed 96704K, reserved 1179648K
  class space    used 10974K, committed 11712K, reserved 1048576K
}
Event: 74.061 GC heap before
{Heap before GC invocations=1293 (full 21):
 PSYoungGen      total 5632K, used 5025K [0x00000000eab00000, 0x00000000eb200000, 0x0000000100000000)
  eden space 3584K, 99% used [0x00000000eab00000,0x00000000eae7ff98,0x00000000eae80000)
  from space 2048K, 70% used [0x00000000eb000000,0x00000000eb168690,0x00000000eb200000)
  to   space 1536K, 0% used [0x00000000eae80000,0x00000000eae80000,0x00000000eb000000)
 ParOldGen       total 491008K, used 471504K [0x00000000c0000000, 0x00000000ddf80000, 0x00000000eab00000)
  object space 491008K, 96% used [0x00000000c0000000,0x00000000dcc74298,0x00000000ddf80000)
 Metaspace       used 95081K, committed 96704K, reserved 1179648K
  class space    used 10974K, committed 11712K, reserved 1048576K
}
Event: 74.063 GC heap after
{Heap after GC invocations=1293 (full 21):
 PSYoungGen      total 5120K, used 1509K [0x00000000eab00000, 0x00000000eb280000, 0x0000000100000000)
  eden space 3584K, 0% used [0x00000000eab00000,0x00000000eab00000,0x00000000eae80000)
  from space 1536K, 98% used [0x00000000eae80000,0x00000000eaff9720,0x00000000eb000000)
  to   space 1536K, 0% used [0x00000000eb100000,0x00000000eb100000,0x00000000eb280000)
 ParOldGen       total 491008K, used 472946K [0x00000000c0000000, 0x00000000ddf80000, 0x00000000eab00000)
  object space 491008K, 96% used [0x00000000c0000000,0x00000000dcddcba8,0x00000000ddf80000)
 Metaspace       used 95081K, committed 96704K, reserved 1179648K
  class space    used 10974K, committed 11712K, reserved 1048576K
}
Event: 74.067 GC heap before
{Heap before GC invocations=1294 (full 21):
 PSYoungGen      total 5120K, used 5080K [0x00000000eab00000, 0x00000000eb280000, 0x0000000100000000)
  eden space 3584K, 99% used [0x00000000eab00000,0x00000000eae7ca28,0x00000000eae80000)
  from space 1536K, 98% used [0x00000000eae80000,0x00000000eaff9720,0x00000000eb000000)
  to   space 1536K, 0% used [0x00000000eb100000,0x00000000eb100000,0x00000000eb280000)
 ParOldGen       total 491008K, used 472946K [0x00000000c0000000, 0x00000000ddf80000, 0x00000000eab00000)
  object space 491008K, 96% used [0x00000000c0000000,0x00000000dcddcba8,0x00000000ddf80000)
 Metaspace       used 95081K, committed 96704K, reserved 1179648K
  class space    used 10974K, committed 11712K, reserved 1048576K
}
Event: 74.069 GC heap after
{Heap after GC invocations=1294 (full 21):
 PSYoungGen      total 6144K, used 1474K [0x00000000eab00000, 0x00000000eb280000, 0x0000000100000000)
  eden space 4608K, 0% used [0x00000000eab00000,0x00000000eab00000,0x00000000eaf80000)
  from space 1536K, 96% used [0x00000000eb100000,0x00000000eb270b00,0x00000000eb280000)
  to   space 1536K, 0% used [0x00000000eaf80000,0x00000000eaf80000,0x00000000eb100000)
 ParOldGen       total 491008K, used 474238K [0x00000000c0000000, 0x00000000ddf80000, 0x00000000eab00000)
  object space 491008K, 96% used [0x00000000c0000000,0x00000000dcf1fbf0,0x00000000ddf80000)
 Metaspace       used 95081K, committed 96704K, reserved 1179648K
  class space    used 10974K, committed 11712K, reserved 1048576K
}
Event: 74.103 GC heap before
{Heap before GC invocations=1295 (full 21):
 PSYoungGen      total 6144K, used 6040K [0x00000000eab00000, 0x00000000eb280000, 0x0000000100000000)
  eden space 4608K, 99% used [0x00000000eab00000,0x00000000eaf756a0,0x00000000eaf80000)
  from space 1536K, 96% used [0x00000000eb100000,0x00000000eb270b00,0x00000000eb280000)
  to   space 1536K, 0% used [0x00000000eaf80000,0x00000000eaf80000,0x00000000eb100000)
 ParOldGen       total 491008K, used 474238K [0x00000000c0000000, 0x00000000ddf80000, 0x00000000eab00000)
  object space 491008K, 96% used [0x00000000c0000000,0x00000000dcf1fbf0,0x00000000ddf80000)
 Metaspace       used 95085K, committed 96704K, reserved 1179648K
  class space    used 10974K, committed 11712K, reserved 1048576K
}
Event: 74.105 GC heap after
{Heap after GC invocations=1295 (full 21):
 PSYoungGen      total 6144K, used 1188K [0x00000000eab00000, 0x00000000eb280000, 0x0000000100000000)
  eden space 4608K, 0% used [0x00000000eab00000,0x00000000eab00000,0x00000000eaf80000)
  from space 1536K, 77% used [0x00000000eaf80000,0x00000000eb0a92d8,0x00000000eb100000)
  to   space 1536K, 0% used [0x00000000eb100000,0x00000000eb100000,0x00000000eb280000)
 ParOldGen       total 491008K, used 475568K [0x00000000c0000000, 0x00000000ddf80000, 0x00000000eab00000)
  object space 491008K, 96% used [0x00000000c0000000,0x00000000dd06c268,0x00000000ddf80000)
 Metaspace       used 95085K, committed 96704K, reserved 1179648K
  class space    used 10974K, committed 11712K, reserved 1048576K
}
Event: 74.128 GC heap before
{Heap before GC invocations=1296 (full 21):
 PSYoungGen      total 6144K, used 5796K [0x00000000eab00000, 0x00000000eb280000, 0x0000000100000000)
  eden space 4608K, 100% used [0x00000000eab00000,0x00000000eaf80000,0x00000000eaf80000)
  from space 1536K, 77% used [0x00000000eaf80000,0x00000000eb0a92d8,0x00000000eb100000)
  to   space 1536K, 0% used [0x00000000eb100000,0x00000000eb100000,0x00000000eb280000)
 ParOldGen       total 491008K, used 475568K [0x00000000c0000000, 0x00000000ddf80000, 0x00000000eab00000)
  object space 491008K, 96% used [0x00000000c0000000,0x00000000dd06c268,0x00000000ddf80000)
 Metaspace       used 95085K, committed 96704K, reserved 1179648K
  class space    used 10974K, committed 11712K, reserved 1048576K
}
Event: 74.130 GC heap after
{Heap after GC invocations=1296 (full 21):
 PSYoungGen      total 5632K, used 1516K [0x00000000eab00000, 0x00000000eb480000, 0x0000000100000000)
  eden space 4096K, 0% used [0x00000000eab00000,0x00000000eab00000,0x00000000eaf00000)
  from space 1536K, 98% used [0x00000000eb100000,0x00000000eb27b100,0x00000000eb280000)
  to   space 2048K, 0% used [0x00000000eaf00000,0x00000000eaf00000,0x00000000eb100000)
 ParOldGen       total 491008K, used 476581K [0x00000000c0000000, 0x00000000ddf80000, 0x00000000eab00000)
  object space 491008K, 97% used [0x00000000c0000000,0x00000000dd169628,0x00000000ddf80000)
 Metaspace       used 95085K, committed 96704K, reserved 1179648K
  class space    used 10974K, committed 11712K, reserved 1048576K
}

